Traceback (most recent call last):
  File "/root/jupyterlab/venv/lib/python3.8/site-packages/jupyter_cache/executors/utils.py", line 51, in single_nb_execution
    executenb(
  File "/root/jupyterlab/venv/lib/python3.8/site-packages/nbclient/client.py", line 1204, in execute
    return NotebookClient(nb=nb, resources=resources, km=km, **kwargs).execute()
  File "/root/jupyterlab/venv/lib/python3.8/site-packages/nbclient/util.py", line 84, in wrapped
    return just_run(coro(*args, **kwargs))
  File "/root/jupyterlab/venv/lib/python3.8/site-packages/nbclient/util.py", line 62, in just_run
    return loop.run_until_complete(coro)
  File "/usr/lib/python3.8/asyncio/base_events.py", line 616, in run_until_complete
    return future.result()
  File "/root/jupyterlab/venv/lib/python3.8/site-packages/nbclient/client.py", line 663, in async_execute
    await self.async_execute_cell(
  File "/root/jupyterlab/venv/lib/python3.8/site-packages/nbclient/client.py", line 965, in async_execute_cell
    await self._check_raise_for_error(cell, cell_index, exec_reply)
  File "/root/jupyterlab/venv/lib/python3.8/site-packages/nbclient/client.py", line 862, in _check_raise_for_error
    raise CellExecutionError.from_cell_and_msg(cell, exec_reply_content)
nbclient.exceptions.CellExecutionError: An error occurred while executing the following cell:
------------------
# Ejemplo de correlación en Python 
# Fuente:
# https://spark.apache.org/docs/latest/ml-statistics.html

from pyspark.ml.linalg import Vectors
from pyspark.ml.stat import Correlation

data = [(Vectors.sparse(4, [(0, 1.0), (3, -2.0)]),),
        (Vectors.dense([4.0, 5.0, 0.0, 3.0]),),
        (Vectors.dense([6.0, 7.0, 0.0, 8.0]),),
        (Vectors.sparse(4, [(0, 9.0), (3, 1.0)]),)]

df = spark.createDataFrame(data, ["features"])

r1 = Correlation.corr(df, "features").head()
print("Pearson correlation matrix:\n" + str(r1[0]))

r2 = Correlation.corr(df, "features", "spearman").head()
print("Spearman correlation matrix:\n" + str(r2[0]))
------------------

[0;31m---------------------------------------------------------------------------[0m
[0;31mModuleNotFoundError[0m                       Traceback (most recent call last)
Input [0;32mIn [1][0m, in [0;36m<cell line: 5>[0;34m()[0m
[1;32m      1[0m [38;5;66;03m# Ejemplo de correlación en Python [39;00m
[1;32m      2[0m [38;5;66;03m# Fuente:[39;00m
[1;32m      3[0m [38;5;66;03m# https://spark.apache.org/docs/latest/ml-statistics.html[39;00m
[0;32m----> 5[0m [38;5;28;01mfrom[39;00m [38;5;21;01mpyspark[39;00m[38;5;21;01m.[39;00m[38;5;21;01mml[39;00m[38;5;21;01m.[39;00m[38;5;21;01mlinalg[39;00m [38;5;28;01mimport[39;00m Vectors
[1;32m      6[0m [38;5;28;01mfrom[39;00m [38;5;21;01mpyspark[39;00m[38;5;21;01m.[39;00m[38;5;21;01mml[39;00m[38;5;21;01m.[39;00m[38;5;21;01mstat[39;00m [38;5;28;01mimport[39;00m Correlation
[1;32m      8[0m data [38;5;241m=[39m [(Vectors[38;5;241m.[39msparse([38;5;241m4[39m, [([38;5;241m0[39m, [38;5;241m1.0[39m), ([38;5;241m3[39m, [38;5;241m-[39m[38;5;241m2.0[39m)]),),
[1;32m      9[0m         (Vectors[38;5;241m.[39mdense([[38;5;241m4.0[39m, [38;5;241m5.0[39m, [38;5;241m0.0[39m, [38;5;241m3.0[39m]),),
[1;32m     10[0m         (Vectors[38;5;241m.[39mdense([[38;5;241m6.0[39m, [38;5;241m7.0[39m, [38;5;241m0.0[39m, [38;5;241m8.0[39m]),),
[1;32m     11[0m         (Vectors[38;5;241m.[39msparse([38;5;241m4[39m, [([38;5;241m0[39m, [38;5;241m9.0[39m), ([38;5;241m3[39m, [38;5;241m1.0[39m)]),)]

[0;31mModuleNotFoundError[0m: No module named 'pyspark'
ModuleNotFoundError: No module named 'pyspark'

