Traceback (most recent call last):
  File "/root/jupyterlab/venv/lib/python3.8/site-packages/jupyter_cache/executors/utils.py", line 51, in single_nb_execution
    executenb(
  File "/root/jupyterlab/venv/lib/python3.8/site-packages/nbclient/client.py", line 1204, in execute
    return NotebookClient(nb=nb, resources=resources, km=km, **kwargs).execute()
  File "/root/jupyterlab/venv/lib/python3.8/site-packages/nbclient/util.py", line 84, in wrapped
    return just_run(coro(*args, **kwargs))
  File "/root/jupyterlab/venv/lib/python3.8/site-packages/nbclient/util.py", line 62, in just_run
    return loop.run_until_complete(coro)
  File "/usr/lib/python3.8/asyncio/base_events.py", line 616, in run_until_complete
    return future.result()
  File "/root/jupyterlab/venv/lib/python3.8/site-packages/nbclient/client.py", line 663, in async_execute
    await self.async_execute_cell(
  File "/root/jupyterlab/venv/lib/python3.8/site-packages/nbclient/client.py", line 965, in async_execute_cell
    await self._check_raise_for_error(cell, cell_index, exec_reply)
  File "/root/jupyterlab/venv/lib/python3.8/site-packages/nbclient/client.py", line 862, in _check_raise_for_error
    raise CellExecutionError.from_cell_and_msg(cell, exec_reply_content)
nbclient.exceptions.CellExecutionError: An error occurred while executing the following cell:
------------------
database warehouse.

base description (A16).
type product kind (A8) = description.

base color (A10).
base stock (I8).
base price (R4,2).
type product (I7) = description, color, stock, price, product kind.

base company name (A20).
base address (A20).
base zip (A6).
base city (A16).
type supplier (A8) = company name, address, zip, city.

type purchased product (A9) = supplier, product, price.

…

base prepaid (R4,2).
type sale (A7) = sold product, quantity, price, customer, date, prepaid.

end.
------------------

[0;36m  Input [0;32mIn [1][0;36m[0m
[0;31m    database warehouse.[0m
[0m             ^[0m
[0;31mSyntaxError[0m[0;31m:[0m invalid syntax

SyntaxError: invalid syntax (656204593.py, line 1)

